<?xml version="1.0" encoding="UTF-8"?>
<testsuite xmlns:xsi="http://www.w3.org/2001/XMLSchema-instance" xsi:noNamespaceSchemaLocation="https://maven.apache.org/surefire/maven-surefire-plugin/xsd/surefire-test-report.xsd" name="br.unicamp.ic.inf335.test.AnuncianteBeanTest" time="0.001" tests="4" errors="0" skipped="0" failures="0">
  <properties>
[...]
</properties>
  <testcase name="getAnuncios" classname="br.unicamp.ic.inf335.test.AnuncianteBeanTest" time="0.001"/>
  <testcase name="setAnuncios" classname="br.unicamp.ic.inf335.test.AnuncianteBeanTest" time="0"/>
  <testcase name="adicionarAnuncio" classname="br.unicamp.ic.inf335.test.AnuncianteBeanTest" time="0"/>
  <testcase name="removerAnuncio" classname="br.unicamp.ic.inf335.test.AnuncianteBeanTest" time="0"/>
</testsuite>